make all --print-data-base --no-builtin-variables --no-builtin-rules --question
# GNU Make 4.2.1
# Built for x86_64-pc-linux-gnu
# Copyright (C) 1988-2016 Free Software Foundation, Inc.
# License GPLv3+: GNU GPL version 3 or later <http://gnu.org/licenses/gpl.html>
# This is free software: you are free to change and redistribute it.
# There is NO WARRANTY, to the extent permitted by law.

# Make data base, printed on Sat Jul 30 06:49:45 2022

# Variables

# 'override' directive
GNUMAKEFLAGS := 
# automatic
<D = $(patsubst %/,%,$(dir $<))
# automatic
?F = $(notdir $?)
# environment
DESKTOP_SESSION = ubuntu
# default
.SHELLFLAGS := -c
# environment
XDG_SESSION_CLASS = user
# environment
XDG_SESSION_TYPE = x11
# environment
VSCODE_LOG_NATIVE = false
# automatic
?D = $(patsubst %/,%,$(dir $?))
# environment
IM_CONFIG_PHASE = 1
# automatic
@D = $(patsubst %/,%,$(dir $@))
# environment
XAUTHORITY = /run/user/1000/gdm/Xauthority
# environment
GDMSESSION = ubuntu
# environment
XMODIFIERS = @im=ibus
# makefile
CURDIR := /home/david/gdrive/production/databricks/ml-pipeline-databricks
# makefile (from 'Makefile', line 2)
SHELL = /bin/bash
# environment
VSCODE_NLS_CONFIG = {"locale":"en-gb","availableLanguages":{},"_languagePackSupport":true}
# environment
_ = /usr/share/code/code
# environment
JOURNAL_STREAM = 8:50115
# environment
XDG_CONFIG_DIRS = /etc/xdg/xdg-ubuntu:/etc/xdg
# makefile (from 'Makefile', line 1)
MAKEFILE_LIST :=  Makefile
# automatic
@F = $(notdir $@)
# environment
GIO_LAUNCHED_DESKTOP_FILE = /usr/share/applications/code.desktop
# environment
USERNAME = david
# environment
XDG_DATA_DIRS = /usr/share/ubuntu:/usr/local/share/:/usr/share/:/var/lib/snapd/desktop
# environment
DBUS_SESSION_BUS_ADDRESS = unix:path=/run/user/1000/bus
# environment
VSCODE_VERBOSE_LOGGING = true
# environment
MANAGERPID = 1824
# environment
LESSOPEN = | /usr/bin/lesspipe %s
# environment
VSCODE_CWD = /home/david
# default
MAKE_HOST := x86_64-pc-linux-gnu
# environment
PATH = /home/david/anaconda3/bin:/home/david/anaconda3/condabin:/usr/local/sbin:/usr/local/bin:/usr/sbin:/usr/bin:/sbin:/bin:/usr/games:/usr/local/games:/snap/bin:/opt/spark/bin:/opt/spark/sbin
# environment
GPG_AGENT_INFO = /run/user/1000/gnupg/S.gpg-agent:0:1
# environment
SESSION_MANAGER = local/david:@/tmp/.ICE-unix/2045,unix/david:/tmp/.ICE-unix/2045
# environment
XDG_RUNTIME_DIR = /run/user/1000
# environment
CONDA_PREFIX = /home/david/anaconda3
# environment
XDG_MENU_PREFIX = gnome-
# environment
VSCODE_LOG_STACK = false
# environment
ELECTRON_RUN_AS_NODE = 1
# environment
INVOCATION_ID = 13b640a2329c4c1ca2260ac5fa7f139c
# default
.FEATURES := target-specific order-only second-expansion else-if shortest-stem undefine oneshell archives jobserver output-sync check-symlink load
# environment
LS_COLORS = 
# environment
XDG_SESSION_DESKTOP = ubuntu
# environment
SSH_AUTH_SOCK = /run/user/1000/keyring/ssh
# environment
GIO_LAUNCHED_DESKTOP_FILE_PID = 9254
# automatic
%F = $(notdir $%)
# environment
DISPLAY = :0
# environment
CONDA_EXE = /home/david/anaconda3/bin/conda
# environment
VSCODE_PIPE_LOGGING = true
# environment
PWD = /home/david/gdrive/production/databricks/ml-pipeline-databricks
# default
.LOADED := 
# environment
SSH_AGENT_PID = 2008
# environment
ORIGINAL_XDG_CURRENT_DESKTOP = ubuntu:GNOME
# environment
GTK_MODULES = gail:atk-bridge
# environment
VSCODE_AMD_ENTRYPOINT = vs/workbench/api/node/extensionHostProcess
# environment
HOME = /home/david
# environment
LESSCLOSE = /usr/bin/lesspipe %s %s
# environment
VSCODE_CODE_CACHE_PATH = /home/david/.config/Code/CachedData/e18005f0f1b33c29e81d732535d8c0e47cafb0b5
# environment
LOGNAME = david
# environment
APPLICATION_INSIGHTS_NO_DIAGNOSTIC_CHANNEL = 1
# environment
CONDA_PROMPT_MODIFIER = (base) 
# environment
VSCODE_HANDLES_UNCAUGHT_ERRORS = true
# environment
GNOME_DESKTOP_SESSION_ID = this-is-deprecated
# automatic
^D = $(patsubst %/,%,$(dir $^))
# environment
MAKELEVEL := 0
# environment
CONDA_DEFAULT_ENV = base
# default
MAKE = $(MAKE_COMMAND)
# default
MAKECMDGOALS := all
# environment
QT_IM_MODULE = ibus
# environment
SHLVL = 0
# environment
GNOME_SHELL_SESSION_MODE = ubuntu
# environment
VSCODE_IPC_HOOK_EXTHOST = /run/user/1000/vscode-ipc-391ec49b-acef-4e72-b61f-fa3bc3d9aee8.sock
# default
MAKE_VERSION := 4.2.1
# environment
USER = david
# makefile
.DEFAULT_GOAL := venv
# environment
XDG_CURRENT_DESKTOP = Unity
# automatic
%D = $(patsubst %/,%,$(dir $%))
# environment
CONDA_SHLVL = 1
# default
MAKE_COMMAND := make
# default
.VARIABLES := 
# automatic
*F = $(notdir $*)
# environment
LANGUAGE = en_AU:en
# environment
VSCODE_IPC_HOOK = /run/user/1000/vscode-10a394bb-1.66.0-main.sock
# environment
SPARK_HOME = /opt/spark
# makefile
MAKEFLAGS = pqrR
# environment
MFLAGS = -pqrR
# automatic
*D = $(patsubst %/,%,$(dir $*))
# automatic
+D = $(patsubst %/,%,$(dir $+))
# environment
GDK_BACKEND = x11
# automatic
+F = $(notdir $+)
# environment
QT_ACCESSIBILITY = 1
# default
MAKEFILES := 
# automatic
<F = $(notdir $<)
# environment
PYSPARK_PYTHON = /home/david/anaconda3/bin/python3
# environment
LC_ALL = C
# environment
CONDA_PYTHON_EXE = /home/david/anaconda3/bin/python
# environment
GJS_DEBUG_TOPICS = JS ERROR;JS LOG
# automatic
^F = $(notdir $^)
# default
SUFFIXES := 
# environment
_CE_M = 
# environment
CHROME_DESKTOP = code-url-handler.desktop
# environment
WINDOWPATH = 2
# default
.INCLUDE_DIRS = /usr/include /usr/local/include /usr/include
# environment
GJS_DEBUG_OUTPUT = stderr
# default
.RECIPEPREFIX := 
# environment
LANG = C
# environment
VSCODE_PID = 9254
# environment
_CE_CONDA = 
# variable set hash-table stats:
# Load=108/1024=11%, Rehash=0, Collisions=15/134=11%

# Pattern-specific Variable Values

# No pattern-specific variable values.

# Directories

# . (device 2069, inode 15602559): 18 files, no impossibilities.

# 18 files, no impossibilities in 1 directories.

# Implicit Rules

# No implicit rules.

# Files

.ONESHELL:
#  Implicit rule search has not been done.
#  Modification time never checked.
#  File has not been updated.

# Not a target:
all:
#  Command line target.
#  Implicit rule search has been done.
#  File does not exist.
#  File has not been updated.

.PHONY: style clean test help
#  Implicit rule search has not been done.
#  Modification time never checked.
#  File has not been updated.

style:
#  Phony target (prerequisite of .PHONY).
#  Implicit rule search has not been done.
#  File does not exist.
#  File has not been updated.
#  recipe to execute (from 'Makefile', line 17):
	black .
	-pylint --recursive=y app
	python3 -m isort .

# Not a target:
Makefile:
#  Implicit rule search has been done.
#  Last modified 2022-07-29 15:47:20.007999897
#  File has been updated.
#  Successfully updated.

test:
#  Phony target (prerequisite of .PHONY).
#  Implicit rule search has not been done.
#  File does not exist.
#  File has not been updated.
 
make: *** No rule to make target 'all'.  Stop.

#  recipe to execute (from 'Makefile', line 33):
	python3 -m pytest --cov app --cov-report html:coverage/html --cov-report xml:coverage/coverage.xml

help:
#  Phony target (prerequisite of .PHONY).
#  Implicit rule search has not been done.
#  File does not exist.
#  File has not been updated.
#  recipe to execute (from 'Makefile', line 38):
	@echo "Commands:"
	@echo "venv    : creates a virtual environment."
	@echo "style   : executes style formatting."
	@echo "clean   : cleans all unnecessary files."

dev:
#  Implicit rule search has not been done.
#  Modification time never checked.
#  File has not been updated.
#  recipe to execute (from 'Makefile', line 13):
	python3 -m pip install -e ".[dev]"

# Not a target:
.DEFAULT:
#  Implicit rule search has not been done.
#  Modification time never checked.
#  File has not been updated.

venv:
#  Implicit rule search has not been done.
#  Modification time never checked.
#  File has not been updated.
#  recipe to execute (from 'Makefile', line 7):
	python3 -m venv venv
	source venv/bin/activate && \
	python3 -m pip install pip setuptools wheel && \
	python3 -m pip install -e .

clean: style
#  Phony target (prerequisite of .PHONY).
#  Implicit rule search has not been done.
#  File does not exist.
#  File has not been updated.
#  recipe to execute (from 'Makefile', line 24):
	find . -type f -name "*.DS_Store" -ls -delete
	find . | grep -E "(__pycache__|\.pyc|\.pyo)" | xargs rm -rf
	find . | grep -E ".pytest_cache" | xargs rm -rf
	find . | grep -E ".ipynb_checkpoints" | xargs rm -rf
	rm -f .coverage

# files hash-table stats:
# Load=12/1024=1%, Rehash=0, Collisions=0/34=0%
# VPATH Search Paths

# No 'vpath' search paths.

# No general ('VPATH' variable) search path.

# strcache buffers: 1 (0) / strings = 31 / storage = 269 B / avg = 8 B
# current buf: size = 8162 B / used = 269 B / count = 31 / avg = 8 B

# strcache performance: lookups = 54 / hit rate = 42%
# hash-table stats:
# Load=31/8192=0%, Rehash=0, Collisions=1/54=2%
# Finished Make data base on Sat Jul 30 06:49:45 2022

 
